<?xml version="1.0" encoding="UTF-8"?>
<coverage generated="1716638384480" clover="3.2.0">
  <project timestamp="1716638384480" name="All files">
    <metrics statements="9" coveredstatements="9" conditionals="12" coveredconditionals="11" methods="2" coveredmethods="2" elements="23" coveredelements="22" complexity="0" loc="9" ncloc="9" packages="1" files="2" classes="2"/>
    <file name="fizzbuzz.js" path="C:\Users\harsh\OneDrive\Desktop\Daily-React\Unit Test\fizzbuzz.js">
      <metrics statements="6" coveredstatements="6" conditionals="8" coveredconditionals="7" methods="1" coveredmethods="1"/>
      <line num="2" count="3" type="cond" truecount="4" falsecount="0"/>
      <line num="3" count="1" type="stmt"/>
      <line num="4" count="2" type="cond" truecount="2" falsecount="0"/>
      <line num="5" count="1" type="stmt"/>
      <line num="6" count="1" type="cond" truecount="1" falsecount="1"/>
      <line num="7" count="1" type="stmt"/>
    </file>
    <file name="max.js" path="C:\Users\harsh\OneDrive\Desktop\Daily-React\Unit Test\max.js">
      <metrics statements="3" coveredstatements="3" conditionals="4" coveredconditionals="4" methods="1" coveredmethods="1"/>
      <line num="2" count="3" type="cond" truecount="2" falsecount="0"/>
      <line num="3" count="2" type="cond" truecount="2" falsecount="0"/>
      <line num="4" count="1" type="stmt"/>
    </file>
  </project>
</coverage>
