{"C:\\Users\\harsh\\OneDrive\\Desktop\\Daily-React\\Unit Test\\fizzbuzz.js": {"path":"C:\\Users\\harsh\\OneDrive\\Desktop\\Daily-React\\Unit Test\\fizzbuzz.js","statementMap":{"0":{"start":{"line":2,"column":4},"end":{"line":8,"column":5}},"1":{"start":{"line":3,"column":8},"end":{"line":3,"column":25}},"2":{"start":{"line":4,"column":10},"end":{"line":8,"column":5}},"3":{"start":{"line":5,"column":8},"end":{"line":5,"column":21}},"4":{"start":{"line":6,"column":10},"end":{"line":8,"column":5}},"5":{"start":{"line":7,"column":8},"end":{"line":7,"column":21}}},"fnMap":{"0":{"name":"fizzbuzzProg","decl":{"start":{"line":1,"column":16},"end":{"line":1,"column":28}},"loc":{"start":{"line":1,"column":33},"end":{"line":9,"column":1}},"line":1}},"branchMap":{"0":{"loc":{"start":{"line":2,"column":4},"end":{"line":8,"column":5}},"type":"if","locations":[{"start":{"line":2,"column":4},"end":{"line":8,"column":5}},{"start":{"line":4,"column":10},"end":{"line":8,"column":5}}],"line":2},"1":{"loc":{"start":{"line":2,"column":7},"end":{"line":2,"column":33}},"type":"binary-expr","locations":[{"start":{"line":2,"column":7},"end":{"line":2,"column":18}},{"start":{"line":2,"column":22},"end":{"line":2,"column":33}}],"line":2},"2":{"loc":{"start":{"line":4,"column":10},"end":{"line":8,"column":5}},"type":"if","locations":[{"start":{"line":4,"column":10},"end":{"line":8,"column":5}},{"start":{"line":6,"column":10},"end":{"line":8,"column":5}}],"line":4},"3":{"loc":{"start":{"line":6,"column":10},"end":{"line":8,"column":5}},"type":"if","locations":[{"start":{"line":6,"column":10},"end":{"line":8,"column":5}},{"start":{},"end":{}}],"line":6}},"s":{"0":3,"1":1,"2":2,"3":1,"4":1,"5":1},"f":{"0":3},"b":{"0":[1,2],"1":[3,2],"2":[1,1],"3":[1,0]},"_coverageSchema":"1a1c01bbd47fc00a2c39e90264f33305004495a9","hash":"2ea1497c6a0a2714a7b4924b28bfcdd17107e696"}
,"C:\\Users\\harsh\\OneDrive\\Desktop\\Daily-React\\Unit Test\\max.js": {"path":"C:\\Users\\harsh\\OneDrive\\Desktop\\Daily-React\\Unit Test\\max.js","statementMap":{"0":{"start":{"line":2,"column":4},"end":{"line":3,"column":29}},"1":{"start":{"line":2,"column":15},"end":{"line":2,"column":24}},"2":{"start":{"line":3,"column":9},"end":{"line":3,"column":29}},"3":{"start":{"line":3,"column":20},"end":{"line":3,"column":29}},"4":{"start":{"line":4,"column":4},"end":{"line":4,"column":13}}},"fnMap":{"0":{"name":"max","decl":{"start":{"line":1,"column":16},"end":{"line":1,"column":19}},"loc":{"start":{"line":1,"column":26},"end":{"line":5,"column":3}},"line":1}},"branchMap":{"0":{"loc":{"start":{"line":2,"column":4},"end":{"line":3,"column":29}},"type":"if","locations":[{"start":{"line":2,"column":4},"end":{"line":3,"column":29}},{"start":{"line":3,"column":9},"end":{"line":3,"column":29}}],"line":2},"1":{"loc":{"start":{"line":3,"column":9},"end":{"line":3,"column":29}},"type":"if","locations":[{"start":{"line":3,"column":9},"end":{"line":3,"column":29}},{"start":{},"end":{}}],"line":3}},"s":{"0":3,"1":1,"2":2,"3":1,"4":1},"f":{"0":3},"b":{"0":[1,2],"1":[1,1]},"_coverageSchema":"1a1c01bbd47fc00a2c39e90264f33305004495a9","hash":"e48bde64e1f2d47116ff939f887b1afb55b9df69"}
}
